<?xml version="1.0" encoding="UTF-8"?>
<testng-results skipped="0" failed="0" ignored="0" total="1" passed="1">
  <reporter-output>
  </reporter-output>
  <suite name="Default suite" duration-ms="12040" started-at="2019-09-20T17:06:15Z" finished-at="2019-09-20T17:06:27Z">
    <groups>
    </groups>
    <test name="Default test" duration-ms="12040" started-at="2019-09-20T17:06:15Z" finished-at="2019-09-20T17:06:27Z">
      <class name="SignInTest">
        <test-method status="PASS" signature="shouldThrowAnErrorIfSignInDetailsAreMissing()[pri:0, instance:SignInTest@51c668e3]" name="shouldThrowAnErrorIfSignInDetailsAreMissing" duration-ms="12014" started-at="2019-09-20T22:36:15Z" finished-at="2019-09-20T22:36:27Z">
          <reporter-output>
          </reporter-output>
        </test-method> <!-- shouldThrowAnErrorIfSignInDetailsAreMissing -->
        <test-method status="PASS" signature="closeBrowser()[pri:0, instance:SignInTest@51c668e3]" name="closeBrowser" is-config="true" duration-ms="0" started-at="2019-09-20T22:36:27Z" finished-at="2019-09-20T22:36:27Z">
          <reporter-output>
          </reporter-output>
        </test-method> <!-- closeBrowser -->
      </class> <!-- SignInTest -->
    </test> <!-- Default test -->
  </suite> <!-- Default suite -->
</testng-results>
